<?xml version="1.0" encoding="UTF-8"?>
<!-- Generated by org.testng.reporters.JUnitXMLReporter -->
<testsuite hostname="DESKTOP-KDTJ4S4" ignored="0" name="Default test" tests="4" failures="0" timestamp="2022-04-19T21:18:10 ICT" time="18.982" errors="0">
  <testcase name="FakerTest" time="0.399" classname="qaautomation.march2022.DashboardAPI"/>
  <testcase name="testDashboardAPI" time="2.366" classname="qaautomation.march2022.DashboardAPI"/>
  <testcase name="testDashboardWithoutParam" time="1.383" classname="qaautomation.march2022.DashboardAPI"/>
  <testcase name="testDashboardWithoutToken" time="1.067" classname="qaautomation.march2022.DashboardAPI"/>
</testsuite> <!-- Default test -->
