<?xml version="1.0" encoding="UTF-8"?>
<!-- Generated by org.testng.reporters.JUnitXMLReporter -->
<testsuite hostname="DESKTOP-KDTJ4S4" ignored="0" name="Test" tests="11" failures="0" timestamp="2022-04-08T22:47:53 ICT" time="77.584" errors="0">
  <testcase name="test2" time="1.441" classname="qaautomation.march2022.AppTestAfterRefactor"/>
  <testcase name="test" time="3.794" classname="qaautomation.march2022.AppTestAfterRefactor"/>
  <testcase name="test3" time="0.65" classname="qaautomation.march2022.AppTestAfterRefactor"/>
  <testcase name="test" time="1.432" classname="qaautomation.march2022.AppTest"/>
  <testcase name="test1" time="1.956" classname="qaautomation.march2022.AppTestAfterPOM"/>
  <testcase name="test2" time="1.753" classname="qaautomation.march2022.AppTestAfterPOM"/>
  <testcase name="test3" time="1.99" classname="qaautomation.march2022.AppTestAfterPOM"/>
  <testcase name="LoginInvalidPassword" time="1.18" classname="qaautomation.march2022.AppTestAfterPageFactory"/>
  <testcase name="LoginInvalidUsername" time="1.37" classname="qaautomation.march2022.AppTestAfterPageFactory"/>
  <testcase name="loginToWebAndSuccess" time="1.057" classname="qaautomation.march2022.AppTestAfterPageFactory"/>
  <testcase name="loginToWebNotClickingLoginButton" time="0.308" classname="qaautomation.march2022.AppTestAfterPageFactory"/>
</testsuite> <!-- Test -->
