-------------------------------------------------------------------------------
Test set: TestSuite
-------------------------------------------------------------------------------
Tests run: 3, Failures: 2, Errors: 0, Skipped: 0, Time elapsed: 24.998 sec <<< FAILURE! - in TestSuite
testDashboardWithoutParam(qaautomation.march2022.APITestAfterRefactor)  Time elapsed: 1.411 sec  <<< FAILURE!
io.restassured.module.jsv.JsonSchemaValidationException: 
com.fasterxml.jackson.core.JsonParseException: no JSON Text to read from input
 at [Source: (StringReader); line: 1, column: 1]
	at qaautomation.march2022.APITestAfterRefactor.testDashboardWithoutParam(APITestAfterRefactor.java:41)
Caused by: com.fasterxml.jackson.core.JsonParseException: 
no JSON Text to read from input
 at [Source: (StringReader); line: 1, column: 1]
	at qaautomation.march2022.APITestAfterRefactor.testDashboardWithoutParam(APITestAfterRefactor.java:41)

testDashboardWithoutToken(qaautomation.march2022.APITestAfterRefactor)  Time elapsed: 1.123 sec  <<< FAILURE!
io.restassured.module.jsv.JsonSchemaValidationException: 
com.fasterxml.jackson.core.JsonParseException: no JSON Text to read from input
 at [Source: (StringReader); line: 1, column: 1]
	at qaautomation.march2022.APITestAfterRefactor.testDashboardWithoutToken(APITestAfterRefactor.java:32)
Caused by: com.fasterxml.jackson.core.JsonParseException: 
no JSON Text to read from input
 at [Source: (StringReader); line: 1, column: 1]
	at qaautomation.march2022.APITestAfterRefactor.testDashboardWithoutToken(APITestAfterRefactor.java:32)

