<?xml version="1.0" encoding="UTF-8"?>
<testng-results skipped="0" failed="0" ignored="0" total="4" passed="4">
  <reporter-output>
  </reporter-output>
  <suite name="Default suite" duration-ms="18982" started-at="2022-04-19T21:17:51 ICT" finished-at="2022-04-19T21:18:10 ICT">
    <groups>
    </groups>
    <test name="Default test" duration-ms="18982" started-at="2022-04-19T21:17:51 ICT" finished-at="2022-04-19T21:18:10 ICT">
      <class name="qaautomation.march2022.DashboardAPI">
        <test-method status="PASS" signature="login()[pri:0, instance:qaautomation.march2022.DashboardAPI@5443d039]" name="login" is-config="true" duration-ms="8479" started-at="2022-04-19T21:17:51 ICT" finished-at="2022-04-19T21:18:00 ICT">
          <reporter-output>
          </reporter-output>
        </test-method> <!-- login -->
        <test-method status="PASS" signature="FakerTest()[pri:0, instance:qaautomation.march2022.DashboardAPI@5443d039]" name="FakerTest" duration-ms="399" started-at="2022-04-19T21:18:00 ICT" finished-at="2022-04-19T21:18:00 ICT">
          <reporter-output>
          </reporter-output>
        </test-method> <!-- FakerTest -->
        <test-method status="PASS" signature="login()[pri:0, instance:qaautomation.march2022.DashboardAPI@5443d039]" name="login" is-config="true" duration-ms="1777" started-at="2022-04-19T21:18:00 ICT" finished-at="2022-04-19T21:18:02 ICT">
          <reporter-output>
          </reporter-output>
        </test-method> <!-- login -->
        <test-method status="PASS" signature="testDashboardAPI()[pri:0, instance:qaautomation.march2022.DashboardAPI@5443d039]" name="testDashboardAPI" duration-ms="2366" started-at="2022-04-19T21:18:02 ICT" finished-at="2022-04-19T21:18:04 ICT">
          <reporter-output>
          </reporter-output>
        </test-method> <!-- testDashboardAPI -->
        <test-method status="PASS" signature="login()[pri:0, instance:qaautomation.march2022.DashboardAPI@5443d039]" name="login" is-config="true" duration-ms="1516" started-at="2022-04-19T21:18:04 ICT" finished-at="2022-04-19T21:18:06 ICT">
          <reporter-output>
          </reporter-output>
        </test-method> <!-- login -->
        <test-method status="PASS" signature="testDashboardWithoutParam()[pri:0, instance:qaautomation.march2022.DashboardAPI@5443d039]" name="testDashboardWithoutParam" duration-ms="1383" started-at="2022-04-19T21:18:06 ICT" finished-at="2022-04-19T21:18:07 ICT">
          <reporter-output>
          </reporter-output>
        </test-method> <!-- testDashboardWithoutParam -->
        <test-method status="PASS" signature="login()[pri:0, instance:qaautomation.march2022.DashboardAPI@5443d039]" name="login" is-config="true" duration-ms="1570" started-at="2022-04-19T21:18:07 ICT" finished-at="2022-04-19T21:18:09 ICT">
          <reporter-output>
          </reporter-output>
        </test-method> <!-- login -->
        <test-method status="PASS" signature="testDashboardWithoutToken()[pri:0, instance:qaautomation.march2022.DashboardAPI@5443d039]" name="testDashboardWithoutToken" duration-ms="1067" started-at="2022-04-19T21:18:09 ICT" finished-at="2022-04-19T21:18:10 ICT">
          <reporter-output>
          </reporter-output>
        </test-method> <!-- testDashboardWithoutToken -->
      </class> <!-- qaautomation.march2022.DashboardAPI -->
    </test> <!-- Default test -->
  </suite> <!-- Default suite -->
</testng-results>
